TN:
SF:contracts/Migrations.sol
DA:8,0
FN:8,Migrations.restricted
FNDA:0,Migrations.restricted
DA:10,0
FN:10,Migrations._restricted
FNDA:0,Migrations._restricted
DA:11,0
BRDA:11,0,0,-
BRDA:11,0,1,-
DA:17,0
FN:17,Migrations.setCompleted
FNDA:0,Migrations.setCompleted
DA:18,0
FNF:3
FNH:0
LF:5
LH:0
BRF:2
BRH:0
end_of_record
TN:
SF:contracts/Params.sol
DA:22,57
FN:22,Params.onlyMiner
FNDA:57,Params.onlyMiner
DA:23,57
DA:27,701
FN:27,Params.onlyNotInitialized
FNDA:701,Params.onlyNotInitialized
DA:28,701
DA:32,191
FN:32,Params.onlyInitialized
FNDA:191,Params.onlyInitialized
DA:33,191
DA:37,9
FN:37,Params.onlyPunishContract
FNDA:9,Params.onlyPunishContract
DA:38,9
DA:42,42
FN:42,Params.onlyBlockEpoch
FNDA:42,Params.onlyBlockEpoch
DA:43,42
DA:47,40
FN:47,Params.onlyValidatorsContract
FNDA:40,Params.onlyValidatorsContract
DA:48,40
DA:52,5
FN:52,Params.onlyProposalContract
FNDA:5,Params.onlyProposalContract
DA:53,5
DA:57,404
FN:57,Params.onlyStakingContract
FNDA:404,Params.onlyStakingContract
DA:58,404
DA:62,21
FN:62,Params.onlyPunishOrValidatorsContract
FNDA:21,Params.onlyPunishOrValidatorsContract
DA:63,21
DA:67,506
FN:67,Params._onlyMiner
FNDA:506,Params._onlyMiner
DA:69,506
BRDA:69,0,0,2
BRDA:69,0,1,504
DA:77,813
FN:77,Params._onlyNotInitialized
FNDA:813,Params._onlyNotInitialized
DA:78,813
BRDA:78,1,0,3
BRDA:78,1,1,810
DA:81,1221
FN:81,Params._onlyInitialized
FNDA:1221,Params._onlyInitialized
DA:82,1221
BRDA:82,2,0,1
BRDA:82,2,1,1220
DA:85,20
FN:85,Params._onlyPunishContract
FNDA:20,Params._onlyPunishContract
DA:87,20
BRDA:87,3,0,1
BRDA:87,3,1,19
DA:91,42
FN:91,Params._onlyBlockEpoch
FNDA:42,Params._onlyBlockEpoch
DA:93,42
BRDA:93,4,0,1
BRDA:93,4,1,41
DA:96,40
FN:96,Params._onlyValidatorsContract
FNDA:40,Params._onlyValidatorsContract
DA:97,40
BRDA:97,5,0,3
BRDA:97,5,1,37
DA:105,5
FN:105,Params._onlyProposalContract
FNDA:5,Params._onlyProposalContract
DA:106,5
BRDA:106,6,0,1
BRDA:106,6,1,4
DA:114,417
FN:114,Params._onlyStakingContract
FNDA:417,Params._onlyStakingContract
DA:115,417
BRDA:115,7,0,1
BRDA:115,7,1,416
DA:123,21
FN:123,Params._onlyPunishOrValidatorsContract
FNDA:21,Params._onlyPunishOrValidatorsContract
DA:124,21
BRDA:124,8,0,-
BRDA:124,8,1,21
FNF:18
FNH:18
LF:36
LH:36
BRF:18
BRH:17
end_of_record
TN:
SF:contracts/Proposal.sol
DA:92,148
FN:92,Proposal.onlyValidator
FNDA:148,Proposal.onlyValidator
DA:93,148
DA:97,227
FN:97,Proposal._onlyValidator
FNDA:227,Proposal._onlyValidator
DA:98,227
BRDA:98,0,0,2
BRDA:98,0,1,225
DA:101,201
FN:101,Proposal.initialize
FNDA:201,Proposal.initialize
DA:105,200
BRDA:105,1,0,1
BRDA:105,1,1,199
DA:107,199
DA:108,199
DA:109,922
BRDA:109,2,0,1
BRDA:109,2,1,921
DA:110,921
DA:114,921
DA:117,198
DA:118,198
DA:119,198
DA:120,198
DA:121,198
DA:123,198
DA:125,198
DA:127,198
DA:129,198
DA:131,198
DA:132,198
DA:135,43
FN:135,Proposal.createProposal
FNDA:43,Proposal.createProposal
DA:141,42
BRDA:141,3,0,4
BRDA:141,3,1,38
DA:147,38
DA:151,38
DA:152,38
BRDA:152,4,0,2
BRDA:152,4,1,36
DA:153,36
BRDA:153,5,0,-
BRDA:153,5,1,36
DA:156,36
DA:158,36
DA:159,36
DA:160,36
DA:161,36
DA:162,36
DA:163,36
DA:164,36
DA:165,36
DA:167,36
DA:168,36
DA:169,36
DA:172,36
FN:172,Proposal.createUpdateConfigProposal
FNDA:36,Proposal.createUpdateConfigProposal
DA:174,36
BRDA:174,6,0,-
BRDA:174,6,1,23
DA:177,23
DA:181,23
DA:184,23
DA:186,23
DA:187,23
DA:188,23
DA:189,23
DA:190,23
DA:191,23
DA:192,23
DA:194,23
DA:195,23
DA:196,23
DA:199,148
FN:199,Proposal.voteProposal
FNDA:148,Proposal.voteProposal
DA:200,147
BRDA:200,7,0,1
BRDA:200,7,1,146
DA:201,146
BRDA:201,8,0,2
BRDA:201,8,1,144
DA:202,144
BRDA:202,9,0,2
BRDA:202,9,1,142
DA:204,142
DA:205,142
DA:206,142
DA:207,142
DA:210,136
BRDA:210,10,0,136
BRDA:210,10,1,6
DA:211,136
DA:213,6
DA:216,28
BRDA:216,11,0,28
DA:218,28
DA:220,114
BRDA:220,12,0,44
DA:221,44
DA:224,44
DA:225,44
BRDA:225,13,0,21
BRDA:225,13,1,-
DA:226,18
BRDA:226,14,0,18
BRDA:226,14,1,3
DA:228,18
DA:230,18
DA:233,3
DA:234,3
DA:235,3
DA:237,23
BRDA:237,15,0,23
BRDA:237,15,1,-
DA:238,23
DA:240,0
DA:243,44
DA:245,44
DA:248,70
BRDA:248,16,0,2
DA:249,2
DA:250,2
DA:253,70
DA:271,59
FN:271,Proposal.validateConfig
FNDA:59,Proposal.validateConfig
DA:272,59
BRDA:272,17,0,2
BRDA:272,17,1,57
DA:273,57
BRDA:273,18,0,11
BRDA:273,18,1,46
DA:274,46
DA:282,23
FN:282,Proposal.updateConfig
FNDA:23,Proposal.updateConfig
DA:283,23
DA:286,23
BRDA:286,19,0,3
BRDA:286,19,1,-
DA:287,3
DA:288,20
BRDA:288,20,0,2
BRDA:288,20,1,-
DA:289,2
DA:290,18
BRDA:290,21,0,2
BRDA:290,21,1,-
DA:291,2
DA:292,16
BRDA:292,22,0,2
BRDA:292,22,1,-
DA:293,2
DA:294,14
BRDA:294,23,0,6
BRDA:294,23,1,-
DA:295,6
DA:296,8
BRDA:296,24,0,2
BRDA:296,24,1,-
DA:297,2
DA:298,6
BRDA:298,25,0,2
BRDA:298,25,1,-
DA:299,2
DA:300,4
BRDA:300,26,0,2
BRDA:300,26,1,-
DA:301,2
DA:302,2
BRDA:302,27,0,1
BRDA:302,27,1,-
DA:303,1
DA:304,1
BRDA:304,28,0,1
BRDA:304,28,1,-
DA:305,1
DA:307,0
DA:317,27
FN:317,Proposal.setUnpassed
FNDA:27,Proposal.setUnpassed
DA:319,25
DA:320,25
DA:322,25
DA:323,25
DA:334,153
FN:334,Proposal.isProposalValidForStaking
FNDA:153,Proposal.isProposalValidForStaking
DA:335,153
BRDA:335,29,0,4
DA:336,4
DA:338,149
DA:340,149
FNF:10
FNH:10
LF:124
LH:122
BRF:56
BRH:42
end_of_record
TN:
SF:contracts/Punish.sol
DA:31,437
FN:31,Punish.onlyNotPunished
FNDA:437,Punish.onlyNotPunished
DA:32,437
DA:36,6
FN:36,Punish.onlyNotDecreased
FNDA:6,Punish.onlyNotDecreased
DA:37,6
DA:41,437
FN:41,Punish._onlyNotPunished
FNDA:437,Punish._onlyNotPunished
DA:42,437
BRDA:42,0,0,2
BRDA:42,0,1,435
DA:45,6
FN:45,Punish._onlyNotDecreased
FNDA:6,Punish._onlyNotDecreased
DA:46,6
BRDA:46,1,0,1
BRDA:46,1,1,5
DA:49,199
FN:49,Punish.initialize
FNDA:199,Punish.initialize
DA:54,199
BRDA:54,2,0,2
BRDA:54,2,1,197
DA:55,197
BRDA:55,3,0,1
BRDA:55,3,1,196
DA:57,196
DA:58,196
DA:59,196
DA:61,196
DA:64,438
FN:64,Punish.punish
FNDA:438,Punish.punish
DA:65,435
DA:66,435
BRDA:66,4,0,20
DA:67,20
DA:68,20
DA:69,20
DA:71,435
DA:73,435
BRDA:73,5,0,7
BRDA:73,5,1,10
DA:75,7
DA:77,7
DA:79,7
DA:80,428
BRDA:80,6,0,10
DA:81,10
DA:84,435
DA:87,6
FN:87,Punish.decreaseMissedBlocksCounter
FNDA:6,Punish.decreaseMissedBlocksCounter
DA:94,5
DA:95,5
BRDA:95,7,0,5
DA:96,5
DA:100,3
DA:101,3
DA:102,3
DA:104,3
DA:105,3
DA:106,8
DA:107,8
BRDA:107,8,0,1
BRDA:107,8,1,7
DA:108,1
DA:110,7
DA:114,3
DA:118,11
FN:118,Punish.cleanPunishRecord
FNDA:11,Punish.cleanPunishRecord
DA:119,11
BRDA:119,9,0,1
DA:120,1
DA:124,11
BRDA:124,10,0,1
DA:125,1
BRDA:125,11,0,1
DA:126,1
DA:127,1
DA:129,1
DA:131,1
DA:132,1
DA:133,1
DA:136,11
DA:139,3
FN:139,Punish.getPunishValidatorsLen
FNDA:3,Punish.getPunishValidatorsLen
DA:140,3
DA:143,28
FN:143,Punish.getPunishRecord
FNDA:28,Punish.getPunishRecord
DA:144,28
FNF:10
FNH:10
LF:59
LH:59
BRF:18
BRH:18
end_of_record
TN:
SF:contracts/Staking.sol
DA:92,5
FN:92,Staking.onlyValidValidator
FNDA:5,Staking.onlyValidValidator
DA:93,5
DA:97,46
FN:97,Staking._onlyValidValidator
FNDA:46,Staking._onlyValidValidator
DA:98,46
BRDA:98,0,0,2
BRDA:98,0,1,44
DA:99,44
BRDA:99,1,0,-
BRDA:99,1,1,44
DA:102,36
FN:102,Staking.onlyActiveValidator
FNDA:36,Staking.onlyActiveValidator
DA:103,36
DA:107,36
FN:107,Staking._onlyActiveValidator
FNDA:36,Staking._onlyActiveValidator
DA:108,36
BRDA:108,2,0,2
BRDA:108,2,1,34
DA:109,34
BRDA:109,3,0,2
BRDA:109,3,1,32
DA:112,102
FN:112,Staking.initialize
FNDA:102,Staking.initialize
DA:113,102
BRDA:113,4,0,4
BRDA:113,4,1,98
DA:114,98
BRDA:114,5,0,2
BRDA:114,5,1,96
DA:116,96
DA:117,96
DA:118,96
DA:131,112
FN:131,Staking.initializeWithValidators
FNDA:112,Staking.initializeWithValidators
DA:137,112
BRDA:137,6,0,1
BRDA:137,6,1,111
DA:138,111
BRDA:138,7,0,1
BRDA:138,7,1,110
DA:139,110
BRDA:139,8,0,1
BRDA:139,8,1,109
DA:140,109
BRDA:140,9,0,-
BRDA:140,9,1,109
DA:141,109
BRDA:141,10,0,1
BRDA:141,10,1,108
DA:143,108
DA:144,108
DA:147,108
DA:151,108
DA:152,404
DA:153,404
BRDA:153,11,0,2
BRDA:153,11,1,402
DA:154,402
BRDA:154,12,0,-
BRDA:154,12,1,402
DA:157,402
DA:170,402
DA:171,402
DA:172,402
DA:174,402
DA:177,106
DA:184,143
FN:184,Staking.registerValidator
FNDA:143,Staking.registerValidator
DA:185,143
BRDA:185,13,0,-
BRDA:185,13,1,143
DA:186,143
BRDA:186,14,0,1
BRDA:186,14,1,142
DA:187,142
BRDA:187,15,0,1
BRDA:187,15,1,141
DA:188,141
BRDA:188,16,0,2
BRDA:188,16,1,139
DA:190,139
BRDA:190,17,0,1
BRDA:190,17,1,138
DA:192,138
BRDA:192,18,0,1
BRDA:192,18,1,137
DA:194,137
DA:206,137
DA:207,137
DA:208,137
DA:212,137
BRDA:212,19,0,-
BRDA:212,19,1,137
DA:214,137
DA:220,7
FN:220,Staking.addValidatorStake
FNDA:7,Staking.addValidatorStake
DA:221,7
BRDA:221,20,0,1
BRDA:221,20,1,6
DA:222,6
BRDA:222,21,0,1
BRDA:222,21,1,5
DA:223,5
DA:224,5
DA:231,5
FN:231,Staking.updateCommissionRate
FNDA:5,Staking.updateCommissionRate
DA:232,4
BRDA:232,22,0,-
BRDA:232,22,1,4
DA:233,4
BRDA:233,23,0,2
BRDA:233,23,1,2
DA:235,2
DA:236,2
DA:245,6
FN:245,Staking.decreaseValidatorStake
FNDA:6,Staking.decreaseValidatorStake
DA:246,5
BRDA:246,24,0,1
BRDA:246,24,1,4
DA:248,4
DA:249,4
BRDA:249,25,0,1
BRDA:249,25,1,3
DA:252,3
DA:256,3
BRDA:256,26,0,1
BRDA:256,26,1,2
DA:259,2
DA:260,2
DA:262,2
DA:265,2
DA:266,2
BRDA:266,27,0,-
BRDA:266,27,1,2
DA:277,14
FN:277,Staking.resignValidator
FNDA:14,Staking.resignValidator
DA:278,14
DA:281,14
BRDA:281,28,0,1
BRDA:281,28,1,13
DA:285,13
DA:286,13
DA:287,13
DA:291,13
DA:300,21
FN:300,Staking.exitValidator
FNDA:21,Staking.exitValidator
DA:301,21
DA:302,21
DA:303,21
BRDA:303,29,0,-
BRDA:303,29,1,21
DA:307,21
DA:311,21
BRDA:311,30,0,8
BRDA:311,30,1,13
DA:314,13
DA:317,13
DA:318,13
DA:321,13
DA:327,1
BRDA:327,31,0,1
DA:329,1
DA:332,13
DA:339,36
FN:339,Staking.delegate
FNDA:36,Staking.delegate
DA:340,32
BRDA:340,32,0,-
BRDA:340,32,1,32
DA:341,32
BRDA:341,33,0,2
BRDA:341,33,1,30
DA:342,30
BRDA:342,34,0,-
BRDA:342,34,1,30
DA:345,30
DA:348,30
DA:349,30
DA:350,30
DA:353,30
DA:356,30
BRDA:356,35,0,1
DA:357,1
DA:360,30
DA:368,25
FN:368,Staking.undelegate
FNDA:25,Staking.undelegate
DA:369,25
BRDA:369,36,0,1
BRDA:369,36,1,24
DA:370,24
BRDA:370,37,0,1
BRDA:370,37,1,23
DA:371,23
BRDA:371,38,0,1
BRDA:371,38,1,22
DA:372,22
BRDA:372,39,0,1
BRDA:372,39,1,21
DA:377,21
DA:380,21
DA:381,21
DA:382,21
DA:385,21
DA:388,21
DA:394,21
BRDA:394,40,0,1
DA:395,1
DA:398,21
DA:406,8
FN:406,Staking.withdrawUnbonded
FNDA:8,Staking.withdrawUnbonded
DA:407,8
BRDA:407,41,0,1
BRDA:407,41,1,7
DA:408,7
BRDA:408,42,0,1
BRDA:408,42,1,6
DA:410,6
DA:411,6
DA:412,6
DA:414,6
DA:415,14
BRDA:415,43,0,13
BRDA:415,43,1,13
DA:416,13
DA:419,13
DA:420,13
DA:421,13
DA:424,1
DA:428,6
BRDA:428,44,0,2
BRDA:428,44,1,4
DA:431,4
DA:432,4
DA:433,1
BRDA:433,45,0,1
DA:434,1
DA:438,1
BRDA:438,46,0,1
DA:443,4
DA:444,4
BRDA:444,47,0,-
BRDA:444,47,1,4
DA:445,4
DA:455,14
FN:455,Staking.distributeRewards
FNDA:14,Staking.distributeRewards
DA:457,14
BRDA:457,48,0,14
DA:458,14
DA:464,12
BRDA:464,49,0,12
DA:469,12
DA:473,12
DA:476,12
BRDA:476,50,0,1
DA:477,1
DA:481,11
DA:484,11
DA:485,11
BRDA:485,51,0,2
DA:486,2
DA:494,9
DA:496,9
BRDA:496,52,0,-
DA:499,9
DA:500,9
DA:503,9
DA:506,9
DA:507,9
DA:510,9
DA:513,9
BRDA:513,53,0,6
BRDA:513,53,1,3
DA:514,6
DA:519,3
DA:522,9
DA:532,4
FN:532,Staking.claimRewards
FNDA:4,Staking.claimRewards
DA:534,4
BRDA:534,54,0,-
BRDA:534,54,1,4
DA:537,4
BRDA:537,55,0,-
BRDA:537,55,1,4
DA:540,4
DA:543,4
DA:544,4
BRDA:544,56,0,1
DA:545,1
DA:549,1
DA:563,10
FN:563,Staking.claimValidatorRewards
FNDA:10,Staking.claimValidatorRewards
DA:564,10
DA:567,10
BRDA:567,57,0,-
BRDA:567,57,1,10
DA:570,10
DA:571,10
DA:573,10
BRDA:573,58,0,4
DA:575,4
BRDA:575,59,0,1
DA:576,1
DA:577,1
BRDA:577,60,0,1
BRDA:577,60,1,-
DA:584,3
DA:585,3
DA:586,3
DA:589,3
DA:600,21
FN:600,Staking.jailValidator
FNDA:21,Staking.jailValidator
DA:601,21
BRDA:601,61,0,-
BRDA:601,61,1,21
DA:602,21
BRDA:602,62,0,-
BRDA:602,62,1,21
DA:603,21
DA:604,21
DA:605,21
DA:614,6
FN:614,Staking.unjailValidator
FNDA:6,Staking.unjailValidator
DA:615,6
BRDA:615,63,0,-
BRDA:615,63,1,6
DA:616,6
BRDA:616,64,0,1
BRDA:616,64,1,5
DA:617,5
BRDA:617,65,0,2
BRDA:617,65,1,3
DA:618,3
BRDA:618,66,0,1
BRDA:618,66,1,2
DA:621,2
BRDA:621,67,0,-
BRDA:621,67,1,2
DA:624,2
BRDA:624,68,0,-
BRDA:624,68,1,2
DA:627,2
DA:628,2
DA:632,2
BRDA:632,69,0,-
BRDA:632,69,1,2
DA:634,2
DA:643,41
FN:643,Staking.getTopValidators
FNDA:41,Staking.getTopValidators
DA:644,41
BRDA:644,70,0,2
DA:645,2
DA:649,39
DA:650,39
DA:651,39
DA:654,39
DA:657,39
DA:658,210
DA:659,210
DA:662,210
BRDA:662,71,0,116
DA:663,116
DA:664,116
DA:665,116
DA:669,39
BRDA:669,72,0,1
DA:670,1
DA:675,38
DA:676,48
DA:680,38
DA:682,78
DA:683,78
DA:686,78
DA:690,38
DA:691,48
DA:693,48
DA:695,48
DA:699,38
DA:700,38
DA:701,38
DA:702,116
DA:705,38
DA:715,140
FN:715,Staking.heapify
FNDA:140,Staking.heapify
DA:716,140
DA:717,140
DA:718,140
DA:721,140
BRDA:721,73,0,14
DA:722,14
DA:725,140
BRDA:725,74,0,1
DA:726,1
DA:730,140
BRDA:730,75,0,14
DA:731,14
DA:732,14
DA:734,14
DA:738,55
FN:738,Staking._getPendingRewards
FNDA:55,Staking._getPendingRewards
DA:739,55
DA:740,55
BRDA:740,76,0,26
DA:741,26
DA:746,29
DA:748,6
FN:748,Staking._claimPending
FNDA:6,Staking._claimPending
DA:749,6
BRDA:749,77,0,6
DA:751,6
DA:752,6
BRDA:752,78,0,-
BRDA:752,78,1,6
DA:754,6
DA:763,76
FN:763,Staking.isValidatorJailed
FNDA:76,Staking.isValidatorJailed
DA:764,76
DA:765,76
DA:776,171
FN:776,Staking.getValidatorStatus
FNDA:171,Staking.getValidatorStatus
DA:777,171
DA:778,171
DA:781,171
DA:796,95
FN:796,Staking.getValidatorInfo
FNDA:95,Staking.getValidatorInfo
DA:806,95
DA:807,95
DA:824,7
FN:824,Staking.getValidatorCount
FNDA:7,Staking.getValidatorCount
DA:825,7
DA:837,4
FN:837,Staking.getDelegationInfo
FNDA:4,Staking.getDelegationInfo
DA:843,4
DA:844,4
DA:846,4
BRDA:846,79,0,4
DA:847,4
DA:853,4
DA:867,3
FN:867,Staking.getUnbondingEntriesCount
FNDA:3,Staking.getUnbondingEntriesCount
DA:868,3
DA:877,2
FN:877,Staking.getUnbondingEntries
FNDA:2,Staking.getUnbondingEntries
DA:878,2
FNF:31
FNH:31
LF:274
LH:274
BRF:138
BRH:115
end_of_record
TN:
SF:contracts/Validators.sol
DA:75,11
FN:75,Validators.onlyNotRewarded
FNDA:11,Validators.onlyNotRewarded
DA:76,11
DA:80,11
FN:80,Validators._onlyNotRewarded
FNDA:11,Validators._onlyNotRewarded
DA:81,11
BRDA:81,0,0,-
BRDA:81,0,1,11
DA:84,197
FN:84,Validators.initialize
FNDA:197,Validators.initialize
DA:90,196
BRDA:90,1,0,-
BRDA:90,1,1,196
DA:91,196
BRDA:91,2,0,-
BRDA:91,2,1,196
DA:92,196
BRDA:92,3,0,-
BRDA:92,3,1,196
DA:94,196
DA:95,196
DA:96,196
DA:98,196
DA:99,918
BRDA:99,4,0,-
BRDA:99,4,1,918
DA:101,918
BRDA:101,5,0,918
DA:102,918
DA:104,918
BRDA:104,6,0,918
DA:105,918
DA:107,918
BRDA:107,7,0,918
DA:108,918
DA:116,196
DA:119,13
FN:119,Validators.createOrEditValidator
FNDA:13,Validators.createOrEditValidator
DA:127,13
BRDA:127,8,0,1
BRDA:127,8,1,12
DA:128,12
BRDA:128,9,0,-
BRDA:128,9,1,11
DA:129,11
DA:130,11
BRDA:130,10,0,1
BRDA:130,10,1,10
DA:132,10
BRDA:132,11,0,9
DA:133,9
DA:136,10
DA:138,10
DA:139,10
DA:151,135
FN:151,Validators.tryActive
FNDA:135,Validators.tryActive
DA:152,135
BRDA:152,12,0,-
BRDA:152,12,1,135
DA:158,135
DA:159,125
BRDA:159,13,0,125
DA:160,125
DA:164,10
DA:168,10
BRDA:168,14,0,-
BRDA:168,14,1,10
DA:172,10
DA:174,10
DA:178,4
FN:178,Validators.withdrawProfits
FNDA:4,Validators.withdrawProfits
DA:179,4
DA:181,4
BRDA:181,15,0,-
BRDA:181,15,1,4
DA:182,4
BRDA:182,16,0,1
BRDA:182,16,1,3
DA:183,3
BRDA:183,17,0,-
BRDA:183,17,1,3
DA:187,3
DA:188,3
BRDA:188,18,0,-
BRDA:188,18,1,3
DA:191,3
DA:192,3
DA:195,3
DA:196,3
BRDA:196,19,0,-
BRDA:196,19,1,3
DA:198,3
DA:200,3
DA:205,11
FN:205,Validators.distributeBlockReward
FNDA:11,Validators.distributeBlockReward
DA:211,11
BRDA:211,20,0,11
DA:216,11
DA:218,11
DA:219,11
DA:225,11
BRDA:225,21,0,-
DA:226,0
DA:230,11
BRDA:230,22,0,3
BRDA:230,22,1,8
DA:232,3
DA:235,8
DA:238,11
DA:241,35
FN:241,Validators.updateActiveValidatorSet
FNDA:35,Validators.updateActiveValidatorSet
DA:248,35
BRDA:248,23,0,35
DA:249,35
DA:255,34
BRDA:255,24,0,34
DA:260,34
DA:262,34
BRDA:262,25,0,-
BRDA:262,25,1,34
DA:264,34
DA:266,34
DA:269,7
FN:269,Validators.removeValidator
FNDA:7,Validators.removeValidator
DA:270,7
DA:273,3
FN:273,Validators.tryRemoveValidator
FNDA:3,Validators.tryRemoveValidator
DA:275,3
DA:277,3
DA:280,10
FN:280,Validators.removeValidatorInternal
FNDA:10,Validators.removeValidatorInternal
DA:281,10
DA:286,10
DA:290,10
BRDA:290,26,0,10
DA:291,10
DA:295,10
BRDA:295,27,0,-
BRDA:295,27,1,10
DA:296,10
DA:300,11
FN:300,Validators.removeValidatorIncoming
FNDA:11,Validators.removeValidatorIncoming
DA:301,11
DA:304,1
FN:304,Validators.getValidatorDescription
FNDA:1,Validators.getValidatorDescription
DA:315,1
DA:317,1
DA:337,46
FN:337,Validators.getValidatorInfo
FNDA:46,Validators.getValidatorInfo
DA:348,46
DA:351,46
DA:354,46
BRDA:354,28,0,11
BRDA:354,28,1,33
DA:355,11
DA:356,35
BRDA:356,29,0,1
BRDA:356,29,1,33
DA:357,1
DA:359,34
DA:360,34
DA:363,46
DA:375,2
FN:375,Validators.getActiveValidators
FNDA:2,Validators.getActiveValidators
DA:378,2
DA:391,1
FN:391,Validators.getActiveValidatorsWithStakes
FNDA:1,Validators.getActiveValidatorsWithStakes
DA:392,1
DA:393,1
DA:394,1
DA:396,1
DA:397,3
DA:398,3
DA:401,3
DA:402,3
DA:405,3
DA:408,1
DA:419,196
FN:419,Validators.getActiveValidatorCount
FNDA:196,Validators.getActiveValidatorCount
DA:422,196
DA:425,420
FN:425,Validators.isActiveValidator
FNDA:420,Validators.isActiveValidator
DA:426,1338
DA:427,1338
DA:428,2648
BRDA:428,30,0,393
DA:429,393
DA:433,945
DA:441,1
FN:441,Validators.isValidatorJailed
FNDA:1,Validators.isValidatorJailed
DA:442,1
DA:450,2
FN:450,Validators.isValidatorActive
FNDA:2,Validators.isValidatorActive
DA:451,2
DA:452,2
DA:460,72
FN:460,Validators.isValidatorExist
FNDA:72,Validators.isValidatorExist
DA:461,72
DA:462,72
DA:463,72
DA:466,9
FN:466,Validators.isTopValidator
FNDA:9,Validators.isTopValidator
DA:467,927
DA:468,927
DA:469,1903
BRDA:469,31,0,5
DA:470,5
DA:474,922
DA:481,2
FN:481,Validators.getHighestValidators
FNDA:2,Validators.getHighestValidators
DA:482,2
DA:490,34
FN:490,Validators.getTopValidators
FNDA:34,Validators.getTopValidators
DA:492,34
DA:495,34
DA:498,6
FN:498,Validators.validateDescription
FNDA:6,Validators.validateDescription
DA:505,18
BRDA:505,32,0,2
BRDA:505,32,1,16
DA:506,16
BRDA:506,33,0,1
BRDA:506,33,1,15
DA:507,15
BRDA:507,34,0,1
BRDA:507,34,1,14
DA:508,14
BRDA:508,35,0,1
BRDA:508,35,1,13
DA:509,13
BRDA:509,36,0,1
BRDA:509,36,1,12
DA:511,12
DA:514,412
FN:514,Validators._tryAddValidatorToHighestSet
FNDA:412,Validators._tryAddValidatorToHighestSet
DA:516,412
DA:517,412
DA:518,1056
BRDA:518,37,0,404
DA:519,404
DA:523,8
DA:524,8
DA:531,402
FN:531,Validators.tryAddValidatorToHighestSet
FNDA:402,Validators.tryAddValidatorToHighestSet
DA:532,402
DA:546,13
FN:546,Validators.removeFromHighestSet
FNDA:13,Validators.removeFromHighestSet
DA:548,13
DA:549,13
DA:550,13
DA:551,34
BRDA:551,38,0,13
DA:552,13
DA:553,13
DA:558,13
BRDA:558,39,0,13
DA:559,13
BRDA:559,40,0,-
BRDA:559,40,1,13
DA:560,13
DA:564,13
DA:565,13
BRDA:565,41,0,-
BRDA:565,41,1,13
DA:569,13
DA:573,21
FN:573,Validators.tryRemoveValidatorIncoming
FNDA:21,Validators.tryRemoveValidatorIncoming
DA:575,21
BRDA:575,42,0,21
DA:576,21
DA:579,21
DA:580,21
BRDA:580,43,0,3
DA:581,3
DA:583,3
DA:584,3
DA:586,3
DA:589,21
DA:594,6
FN:594,Validators.addProfitsToActiveValidators
FNDA:6,Validators.addProfitsToActiveValidators
DA:595,6
BRDA:595,44,0,6
DA:596,6
DA:599,6
DA:602,6
DA:603,6
DA:605,6
DA:606,18
DA:607,18
DA:608,18
DA:609,18
BRDA:609,45,0,11
DA:610,11
DA:618,6
BRDA:618,46,0,-
DA:619,0
DA:623,6
DA:624,6
DA:627,6
DA:628,18
DA:629,18
BRDA:629,47,0,11
DA:630,11
DA:631,11
BRDA:631,48,0,1
DA:632,1
DA:633,1
DA:635,11
DA:640,23
FN:640,Validators.tryRemoveValidatorInHighestSet
FNDA:23,Validators.tryRemoveValidatorInHighestSet
DA:642,23
DA:644,45
DA:645,22
DA:647,45
BRDA:647,49,0,23
DA:649,23
BRDA:649,50,0,23
DA:650,23
DA:653,23
DA:654,23
DA:656,23
FNF:31
FNH:31
LF:212
LH:210
BRF:78
BRH:60
end_of_record
TN:
SF:script/integration/generated/Params.sol
DA:20,0
FN:20,Params.onlyMiner
FNDA:0,Params.onlyMiner
DA:21,0
DA:25,0
FN:25,Params.onlyNotInitialized
FNDA:0,Params.onlyNotInitialized
DA:26,0
DA:30,0
FN:30,Params.onlyInitialized
FNDA:0,Params.onlyInitialized
DA:31,0
DA:35,0
FN:35,Params.onlyPunishContract
FNDA:0,Params.onlyPunishContract
DA:36,0
DA:40,0
FN:40,Params.onlyBlockEpoch
FNDA:0,Params.onlyBlockEpoch
DA:41,0
DA:45,0
FN:45,Params.onlyValidatorsContract
FNDA:0,Params.onlyValidatorsContract
DA:46,0
DA:50,0
FN:50,Params.onlyProposalContract
FNDA:0,Params.onlyProposalContract
DA:51,0
DA:55,0
FN:55,Params.onlyStakingContract
FNDA:0,Params.onlyStakingContract
DA:56,0
DA:60,0
FN:60,Params.onlyPunishOrValidatorsContract
FNDA:0,Params.onlyPunishOrValidatorsContract
DA:61,0
DA:65,0
FN:65,Params._onlyMiner
FNDA:0,Params._onlyMiner
DA:67,0
BRDA:67,0,0,-
BRDA:67,0,1,-
DA:75,0
FN:75,Params._onlyNotInitialized
FNDA:0,Params._onlyNotInitialized
DA:76,0
BRDA:76,1,0,-
BRDA:76,1,1,-
DA:79,0
FN:79,Params._onlyInitialized
FNDA:0,Params._onlyInitialized
DA:80,0
BRDA:80,2,0,-
BRDA:80,2,1,-
DA:83,0
FN:83,Params._onlyPunishContract
FNDA:0,Params._onlyPunishContract
DA:85,0
BRDA:85,3,0,-
BRDA:85,3,1,-
DA:89,0
FN:89,Params._onlyBlockEpoch
FNDA:0,Params._onlyBlockEpoch
DA:91,0
BRDA:91,4,0,-
BRDA:91,4,1,-
DA:94,0
FN:94,Params._onlyValidatorsContract
FNDA:0,Params._onlyValidatorsContract
DA:95,0
BRDA:95,5,0,-
BRDA:95,5,1,-
DA:103,0
FN:103,Params._onlyProposalContract
FNDA:0,Params._onlyProposalContract
DA:104,0
BRDA:104,6,0,-
BRDA:104,6,1,-
DA:112,0
FN:112,Params._onlyStakingContract
FNDA:0,Params._onlyStakingContract
DA:113,0
BRDA:113,7,0,-
BRDA:113,7,1,-
DA:121,0
FN:121,Params._onlyPunishOrValidatorsContract
FNDA:0,Params._onlyPunishOrValidatorsContract
DA:122,0
BRDA:122,8,0,-
BRDA:122,8,1,-
DA:131,0
FN:131,Params.setContracts
FNDA:0,Params.setContracts
DA:132,0
DA:133,0
DA:134,0
DA:135,0
DA:138,0
FN:138,Params.setMiner
FNDA:0,Params.setMiner
DA:139,0
FNF:20
FNH:0
LF:43
LH:0
BRF:18
BRH:0
end_of_record
TN:
SF:script/integration/generated/Proposal.sol
DA:92,0
FN:92,Proposal.onlyValidator
FNDA:0,Proposal.onlyValidator
DA:93,0
DA:97,0
FN:97,Proposal._onlyValidator
FNDA:0,Proposal._onlyValidator
DA:98,0
BRDA:98,0,0,-
BRDA:98,0,1,-
DA:101,0
FN:101,Proposal.initialize
FNDA:0,Proposal.initialize
DA:105,0
BRDA:105,1,0,-
BRDA:105,1,1,-
DA:107,0
DA:108,0
DA:109,0
BRDA:109,2,0,-
BRDA:109,2,1,-
DA:110,0
DA:114,0
DA:117,0
DA:118,0
DA:119,0
DA:120,0
DA:121,0
DA:123,0
DA:125,0
DA:127,0
DA:129,0
DA:131,0
DA:132,0
DA:135,0
FN:135,Proposal.createProposal
FNDA:0,Proposal.createProposal
DA:141,0
BRDA:141,3,0,-
BRDA:141,3,1,-
DA:147,0
DA:151,0
DA:152,0
BRDA:152,4,0,-
BRDA:152,4,1,-
DA:153,0
BRDA:153,5,0,-
BRDA:153,5,1,-
DA:156,0
DA:158,0
DA:159,0
DA:160,0
DA:161,0
DA:162,0
DA:163,0
DA:164,0
DA:165,0
DA:167,0
DA:168,0
DA:169,0
DA:172,0
FN:172,Proposal.createUpdateConfigProposal
FNDA:0,Proposal.createUpdateConfigProposal
DA:174,0
BRDA:174,6,0,-
BRDA:174,6,1,-
DA:177,0
DA:181,0
DA:184,0
DA:186,0
DA:187,0
DA:188,0
DA:189,0
DA:190,0
DA:191,0
DA:192,0
DA:194,0
DA:195,0
DA:196,0
DA:199,0
FN:199,Proposal.voteProposal
FNDA:0,Proposal.voteProposal
DA:200,0
BRDA:200,7,0,-
BRDA:200,7,1,-
DA:201,0
BRDA:201,8,0,-
BRDA:201,8,1,-
DA:202,0
BRDA:202,9,0,-
BRDA:202,9,1,-
DA:204,0
DA:205,0
DA:206,0
DA:207,0
DA:210,0
BRDA:210,10,0,-
BRDA:210,10,1,-
DA:211,0
DA:213,0
DA:216,0
BRDA:216,11,0,-
DA:218,0
DA:220,0
BRDA:220,12,0,-
DA:221,0
DA:224,0
DA:225,0
BRDA:225,13,0,-
BRDA:225,13,1,-
DA:226,0
BRDA:226,14,0,-
BRDA:226,14,1,-
DA:228,0
DA:230,0
DA:233,0
DA:234,0
DA:235,0
DA:237,0
BRDA:237,15,0,-
BRDA:237,15,1,-
DA:238,0
DA:240,0
DA:243,0
DA:245,0
DA:248,0
BRDA:248,16,0,-
DA:249,0
DA:250,0
DA:253,0
DA:271,0
FN:271,Proposal.validateConfig
FNDA:0,Proposal.validateConfig
DA:272,0
BRDA:272,17,0,-
BRDA:272,17,1,-
DA:273,0
BRDA:273,18,0,-
BRDA:273,18,1,-
DA:274,0
DA:282,0
FN:282,Proposal.updateConfig
FNDA:0,Proposal.updateConfig
DA:283,0
DA:286,0
BRDA:286,19,0,-
BRDA:286,19,1,-
DA:287,0
DA:288,0
BRDA:288,20,0,-
BRDA:288,20,1,-
DA:289,0
DA:290,0
BRDA:290,21,0,-
BRDA:290,21,1,-
DA:291,0
DA:292,0
BRDA:292,22,0,-
BRDA:292,22,1,-
DA:293,0
DA:294,0
BRDA:294,23,0,-
BRDA:294,23,1,-
DA:295,0
DA:296,0
BRDA:296,24,0,-
BRDA:296,24,1,-
DA:297,0
DA:298,0
BRDA:298,25,0,-
BRDA:298,25,1,-
DA:299,0
DA:300,0
BRDA:300,26,0,-
BRDA:300,26,1,-
DA:301,0
DA:302,0
BRDA:302,27,0,-
BRDA:302,27,1,-
DA:303,0
DA:304,0
BRDA:304,28,0,-
BRDA:304,28,1,-
DA:305,0
DA:307,0
DA:317,0
FN:317,Proposal.setUnpassed
FNDA:0,Proposal.setUnpassed
DA:319,0
DA:320,0
DA:322,0
DA:323,0
DA:334,0
FN:334,Proposal.isProposalValidForStaking
FNDA:0,Proposal.isProposalValidForStaking
DA:335,0
BRDA:335,29,0,-
DA:336,0
DA:338,0
DA:340,0
FNF:10
FNH:0
LF:124
LH:0
BRF:56
BRH:0
end_of_record
TN:
SF:script/integration/generated/Punish.sol
DA:31,0
FN:31,Punish.onlyNotPunished
FNDA:0,Punish.onlyNotPunished
DA:32,0
DA:36,0
FN:36,Punish.onlyNotDecreased
FNDA:0,Punish.onlyNotDecreased
DA:37,0
DA:41,0
FN:41,Punish._onlyNotPunished
FNDA:0,Punish._onlyNotPunished
DA:42,0
BRDA:42,0,0,-
BRDA:42,0,1,-
DA:45,0
FN:45,Punish._onlyNotDecreased
FNDA:0,Punish._onlyNotDecreased
DA:46,0
BRDA:46,1,0,-
BRDA:46,1,1,-
DA:49,0
FN:49,Punish.initialize
FNDA:0,Punish.initialize
DA:54,0
BRDA:54,2,0,-
BRDA:54,2,1,-
DA:55,0
BRDA:55,3,0,-
BRDA:55,3,1,-
DA:57,0
DA:58,0
DA:59,0
DA:61,0
DA:64,0
FN:64,Punish.punish
FNDA:0,Punish.punish
DA:65,0
DA:66,0
BRDA:66,4,0,-
DA:67,0
DA:68,0
DA:69,0
DA:71,0
DA:73,0
BRDA:73,5,0,-
BRDA:73,5,1,-
DA:75,0
DA:77,0
DA:79,0
DA:80,0
BRDA:80,6,0,-
DA:81,0
DA:84,0
DA:87,0
FN:87,Punish.decreaseMissedBlocksCounter
FNDA:0,Punish.decreaseMissedBlocksCounter
DA:94,0
DA:95,0
BRDA:95,7,0,-
DA:96,0
DA:100,0
DA:101,0
DA:102,0
DA:104,0
DA:105,0
DA:106,0
DA:107,0
BRDA:107,8,0,-
BRDA:107,8,1,-
DA:108,0
DA:110,0
DA:114,0
DA:118,0
FN:118,Punish.cleanPunishRecord
FNDA:0,Punish.cleanPunishRecord
DA:119,0
BRDA:119,9,0,-
DA:120,0
DA:124,0
BRDA:124,10,0,-
DA:125,0
BRDA:125,11,0,-
DA:126,0
DA:127,0
DA:129,0
DA:131,0
DA:132,0
DA:133,0
DA:136,0
DA:139,0
FN:139,Punish.getPunishValidatorsLen
FNDA:0,Punish.getPunishValidatorsLen
DA:140,0
DA:143,0
FN:143,Punish.getPunishRecord
FNDA:0,Punish.getPunishRecord
DA:144,0
FNF:10
FNH:0
LF:59
LH:0
BRF:18
BRH:0
end_of_record
TN:
SF:script/integration/generated/Staking.sol
DA:92,0
FN:92,Staking.onlyValidValidator
FNDA:0,Staking.onlyValidValidator
DA:93,0
DA:97,0
FN:97,Staking._onlyValidValidator
FNDA:0,Staking._onlyValidValidator
DA:98,0
BRDA:98,0,0,-
BRDA:98,0,1,-
DA:99,0
BRDA:99,1,0,-
BRDA:99,1,1,-
DA:102,0
FN:102,Staking.onlyActiveValidator
FNDA:0,Staking.onlyActiveValidator
DA:103,0
DA:107,0
FN:107,Staking._onlyActiveValidator
FNDA:0,Staking._onlyActiveValidator
DA:108,0
BRDA:108,2,0,-
BRDA:108,2,1,-
DA:109,0
BRDA:109,3,0,-
BRDA:109,3,1,-
DA:112,0
FN:112,Staking.initialize
FNDA:0,Staking.initialize
DA:113,0
BRDA:113,4,0,-
BRDA:113,4,1,-
DA:114,0
BRDA:114,5,0,-
BRDA:114,5,1,-
DA:116,0
DA:117,0
DA:118,0
DA:131,0
FN:131,Staking.initializeWithValidators
FNDA:0,Staking.initializeWithValidators
DA:137,0
BRDA:137,6,0,-
BRDA:137,6,1,-
DA:138,0
BRDA:138,7,0,-
BRDA:138,7,1,-
DA:139,0
BRDA:139,8,0,-
BRDA:139,8,1,-
DA:140,0
BRDA:140,9,0,-
BRDA:140,9,1,-
DA:141,0
BRDA:141,10,0,-
BRDA:141,10,1,-
DA:143,0
DA:144,0
DA:147,0
DA:151,0
DA:152,0
DA:153,0
BRDA:153,11,0,-
BRDA:153,11,1,-
DA:154,0
BRDA:154,12,0,-
BRDA:154,12,1,-
DA:157,0
DA:170,0
DA:171,0
DA:172,0
DA:174,0
DA:177,0
DA:184,0
FN:184,Staking.registerValidator
FNDA:0,Staking.registerValidator
DA:185,0
BRDA:185,13,0,-
BRDA:185,13,1,-
DA:186,0
BRDA:186,14,0,-
BRDA:186,14,1,-
DA:187,0
BRDA:187,15,0,-
BRDA:187,15,1,-
DA:188,0
BRDA:188,16,0,-
BRDA:188,16,1,-
DA:190,0
BRDA:190,17,0,-
BRDA:190,17,1,-
DA:192,0
BRDA:192,18,0,-
BRDA:192,18,1,-
DA:194,0
DA:206,0
DA:207,0
DA:208,0
DA:212,0
BRDA:212,19,0,-
BRDA:212,19,1,-
DA:214,0
DA:220,0
FN:220,Staking.addValidatorStake
FNDA:0,Staking.addValidatorStake
DA:221,0
BRDA:221,20,0,-
BRDA:221,20,1,-
DA:222,0
BRDA:222,21,0,-
BRDA:222,21,1,-
DA:223,0
DA:224,0
DA:231,0
FN:231,Staking.updateCommissionRate
FNDA:0,Staking.updateCommissionRate
DA:232,0
BRDA:232,22,0,-
BRDA:232,22,1,-
DA:233,0
BRDA:233,23,0,-
BRDA:233,23,1,-
DA:235,0
DA:236,0
DA:245,0
FN:245,Staking.decreaseValidatorStake
FNDA:0,Staking.decreaseValidatorStake
DA:246,0
BRDA:246,24,0,-
BRDA:246,24,1,-
DA:248,0
DA:249,0
BRDA:249,25,0,-
BRDA:249,25,1,-
DA:252,0
DA:256,0
BRDA:256,26,0,-
BRDA:256,26,1,-
DA:259,0
DA:260,0
DA:262,0
DA:265,0
DA:266,0
BRDA:266,27,0,-
BRDA:266,27,1,-
DA:277,0
FN:277,Staking.resignValidator
FNDA:0,Staking.resignValidator
DA:278,0
DA:281,0
BRDA:281,28,0,-
BRDA:281,28,1,-
DA:285,0
DA:286,0
DA:287,0
DA:291,0
DA:300,0
FN:300,Staking.exitValidator
FNDA:0,Staking.exitValidator
DA:301,0
DA:302,0
DA:303,0
BRDA:303,29,0,-
BRDA:303,29,1,-
DA:307,0
DA:311,0
BRDA:311,30,0,-
BRDA:311,30,1,-
DA:314,0
DA:317,0
DA:318,0
DA:321,0
DA:327,0
BRDA:327,31,0,-
DA:329,0
DA:332,0
DA:339,0
FN:339,Staking.delegate
FNDA:0,Staking.delegate
DA:340,0
BRDA:340,32,0,-
BRDA:340,32,1,-
DA:341,0
BRDA:341,33,0,-
BRDA:341,33,1,-
DA:342,0
BRDA:342,34,0,-
BRDA:342,34,1,-
DA:345,0
DA:348,0
DA:349,0
DA:350,0
DA:353,0
DA:356,0
BRDA:356,35,0,-
DA:357,0
DA:360,0
DA:368,0
FN:368,Staking.undelegate
FNDA:0,Staking.undelegate
DA:369,0
BRDA:369,36,0,-
BRDA:369,36,1,-
DA:370,0
BRDA:370,37,0,-
BRDA:370,37,1,-
DA:371,0
BRDA:371,38,0,-
BRDA:371,38,1,-
DA:372,0
BRDA:372,39,0,-
BRDA:372,39,1,-
DA:377,0
DA:380,0
DA:381,0
DA:382,0
DA:385,0
DA:388,0
DA:394,0
BRDA:394,40,0,-
DA:395,0
DA:398,0
DA:406,0
FN:406,Staking.withdrawUnbonded
FNDA:0,Staking.withdrawUnbonded
DA:407,0
BRDA:407,41,0,-
BRDA:407,41,1,-
DA:408,0
BRDA:408,42,0,-
BRDA:408,42,1,-
DA:410,0
DA:411,0
DA:412,0
DA:414,0
DA:415,0
BRDA:415,43,0,-
BRDA:415,43,1,-
DA:416,0
DA:419,0
DA:420,0
DA:421,0
DA:424,0
DA:428,0
BRDA:428,44,0,-
BRDA:428,44,1,-
DA:431,0
DA:432,0
DA:433,0
BRDA:433,45,0,-
DA:434,0
DA:438,0
BRDA:438,46,0,-
DA:443,0
DA:444,0
BRDA:444,47,0,-
BRDA:444,47,1,-
DA:445,0
DA:455,0
FN:455,Staking.distributeRewards
FNDA:0,Staking.distributeRewards
DA:457,0
BRDA:457,48,0,-
DA:458,0
DA:464,0
BRDA:464,49,0,-
DA:469,0
DA:473,0
DA:476,0
BRDA:476,50,0,-
DA:477,0
DA:481,0
DA:484,0
DA:485,0
BRDA:485,51,0,-
DA:486,0
DA:494,0
DA:496,0
BRDA:496,52,0,-
DA:499,0
DA:500,0
DA:503,0
DA:506,0
DA:507,0
DA:510,0
DA:513,0
BRDA:513,53,0,-
BRDA:513,53,1,-
DA:514,0
DA:519,0
DA:522,0
DA:532,0
FN:532,Staking.claimRewards
FNDA:0,Staking.claimRewards
DA:534,0
BRDA:534,54,0,-
BRDA:534,54,1,-
DA:537,0
BRDA:537,55,0,-
BRDA:537,55,1,-
DA:540,0
DA:543,0
DA:544,0
BRDA:544,56,0,-
DA:545,0
DA:549,0
DA:563,0
FN:563,Staking.claimValidatorRewards
FNDA:0,Staking.claimValidatorRewards
DA:564,0
DA:567,0
BRDA:567,57,0,-
BRDA:567,57,1,-
DA:570,0
DA:571,0
DA:573,0
BRDA:573,58,0,-
DA:575,0
BRDA:575,59,0,-
DA:576,0
DA:577,0
BRDA:577,60,0,-
BRDA:577,60,1,-
DA:584,0
DA:585,0
DA:586,0
DA:589,0
DA:600,0
FN:600,Staking.jailValidator
FNDA:0,Staking.jailValidator
DA:601,0
BRDA:601,61,0,-
BRDA:601,61,1,-
DA:602,0
BRDA:602,62,0,-
BRDA:602,62,1,-
DA:603,0
DA:604,0
DA:605,0
DA:614,0
FN:614,Staking.unjailValidator
FNDA:0,Staking.unjailValidator
DA:615,0
BRDA:615,63,0,-
BRDA:615,63,1,-
DA:616,0
BRDA:616,64,0,-
BRDA:616,64,1,-
DA:617,0
BRDA:617,65,0,-
BRDA:617,65,1,-
DA:618,0
BRDA:618,66,0,-
BRDA:618,66,1,-
DA:621,0
BRDA:621,67,0,-
BRDA:621,67,1,-
DA:624,0
BRDA:624,68,0,-
BRDA:624,68,1,-
DA:627,0
DA:628,0
DA:632,0
BRDA:632,69,0,-
BRDA:632,69,1,-
DA:634,0
DA:643,0
FN:643,Staking.getTopValidators
FNDA:0,Staking.getTopValidators
DA:644,0
BRDA:644,70,0,-
DA:645,0
DA:649,0
DA:650,0
DA:651,0
DA:654,0
DA:657,0
DA:658,0
DA:659,0
DA:662,0
BRDA:662,71,0,-
DA:663,0
DA:664,0
DA:665,0
DA:669,0
BRDA:669,72,0,-
DA:670,0
DA:675,0
DA:676,0
DA:680,0
DA:682,0
DA:683,0
DA:686,0
DA:690,0
DA:691,0
DA:693,0
DA:695,0
DA:699,0
DA:700,0
DA:701,0
DA:702,0
DA:705,0
DA:715,0
FN:715,Staking.heapify
FNDA:0,Staking.heapify
DA:716,0
DA:717,0
DA:718,0
DA:721,0
BRDA:721,73,0,-
DA:722,0
DA:725,0
BRDA:725,74,0,-
DA:726,0
DA:730,0
BRDA:730,75,0,-
DA:731,0
DA:732,0
DA:734,0
DA:738,0
FN:738,Staking._getPendingRewards
FNDA:0,Staking._getPendingRewards
DA:739,0
DA:740,0
BRDA:740,76,0,-
DA:741,0
DA:746,0
DA:748,0
FN:748,Staking._claimPending
FNDA:0,Staking._claimPending
DA:749,0
BRDA:749,77,0,-
DA:751,0
DA:752,0
BRDA:752,78,0,-
BRDA:752,78,1,-
DA:754,0
DA:763,0
FN:763,Staking.isValidatorJailed
FNDA:0,Staking.isValidatorJailed
DA:764,0
DA:765,0
DA:776,0
FN:776,Staking.getValidatorStatus
FNDA:0,Staking.getValidatorStatus
DA:777,0
DA:778,0
DA:781,0
DA:796,0
FN:796,Staking.getValidatorInfo
FNDA:0,Staking.getValidatorInfo
DA:806,0
DA:807,0
DA:824,0
FN:824,Staking.getValidatorCount
FNDA:0,Staking.getValidatorCount
DA:825,0
DA:837,0
FN:837,Staking.getDelegationInfo
FNDA:0,Staking.getDelegationInfo
DA:843,0
DA:844,0
DA:846,0
BRDA:846,79,0,-
DA:847,0
DA:853,0
DA:867,0
FN:867,Staking.getUnbondingEntriesCount
FNDA:0,Staking.getUnbondingEntriesCount
DA:868,0
DA:877,0
FN:877,Staking.getUnbondingEntries
FNDA:0,Staking.getUnbondingEntries
DA:878,0
FNF:31
FNH:0
LF:274
LH:0
BRF:138
BRH:0
end_of_record
TN:
SF:script/integration/generated/Validators.sol
DA:75,0
FN:75,Validators.onlyNotRewarded
FNDA:0,Validators.onlyNotRewarded
DA:76,0
DA:80,0
FN:80,Validators._onlyNotRewarded
FNDA:0,Validators._onlyNotRewarded
DA:81,0
BRDA:81,0,0,-
BRDA:81,0,1,-
DA:84,0
FN:84,Validators.initialize
FNDA:0,Validators.initialize
DA:90,0
BRDA:90,1,0,-
BRDA:90,1,1,-
DA:91,0
BRDA:91,2,0,-
BRDA:91,2,1,-
DA:92,0
BRDA:92,3,0,-
BRDA:92,3,1,-
DA:94,0
DA:95,0
DA:96,0
DA:98,0
DA:99,0
BRDA:99,4,0,-
BRDA:99,4,1,-
DA:101,0
BRDA:101,5,0,-
DA:102,0
DA:104,0
BRDA:104,6,0,-
DA:105,0
DA:107,0
BRDA:107,7,0,-
DA:108,0
DA:116,0
DA:119,0
FN:119,Validators.createOrEditValidator
FNDA:0,Validators.createOrEditValidator
DA:127,0
BRDA:127,8,0,-
BRDA:127,8,1,-
DA:128,0
BRDA:128,9,0,-
BRDA:128,9,1,-
DA:129,0
DA:130,0
BRDA:130,10,0,-
BRDA:130,10,1,-
DA:132,0
BRDA:132,11,0,-
DA:133,0
DA:136,0
DA:138,0
DA:139,0
DA:151,0
FN:151,Validators.tryActive
FNDA:0,Validators.tryActive
DA:152,0
BRDA:152,12,0,-
BRDA:152,12,1,-
DA:158,0
DA:159,0
BRDA:159,13,0,-
DA:160,0
DA:164,0
DA:168,0
BRDA:168,14,0,-
BRDA:168,14,1,-
DA:172,0
DA:174,0
DA:178,0
FN:178,Validators.withdrawProfits
FNDA:0,Validators.withdrawProfits
DA:179,0
DA:181,0
BRDA:181,15,0,-
BRDA:181,15,1,-
DA:182,0
BRDA:182,16,0,-
BRDA:182,16,1,-
DA:183,0
BRDA:183,17,0,-
BRDA:183,17,1,-
DA:187,0
DA:188,0
BRDA:188,18,0,-
BRDA:188,18,1,-
DA:191,0
DA:192,0
DA:195,0
DA:196,0
BRDA:196,19,0,-
BRDA:196,19,1,-
DA:198,0
DA:200,0
DA:205,0
FN:205,Validators.distributeBlockReward
FNDA:0,Validators.distributeBlockReward
DA:211,0
BRDA:211,20,0,-
DA:216,0
DA:218,0
DA:219,0
DA:225,0
BRDA:225,21,0,-
DA:226,0
DA:230,0
BRDA:230,22,0,-
BRDA:230,22,1,-
DA:232,0
DA:235,0
DA:238,0
DA:241,0
FN:241,Validators.updateActiveValidatorSet
FNDA:0,Validators.updateActiveValidatorSet
DA:248,0
BRDA:248,23,0,-
DA:249,0
DA:255,0
BRDA:255,24,0,-
DA:260,0
DA:262,0
BRDA:262,25,0,-
BRDA:262,25,1,-
DA:264,0
DA:266,0
DA:269,0
FN:269,Validators.removeValidator
FNDA:0,Validators.removeValidator
DA:270,0
DA:273,0
FN:273,Validators.tryRemoveValidator
FNDA:0,Validators.tryRemoveValidator
DA:275,0
DA:277,0
DA:280,0
FN:280,Validators.removeValidatorInternal
FNDA:0,Validators.removeValidatorInternal
DA:281,0
DA:286,0
DA:290,0
BRDA:290,26,0,-
DA:291,0
DA:295,0
BRDA:295,27,0,-
BRDA:295,27,1,-
DA:296,0
DA:300,0
FN:300,Validators.removeValidatorIncoming
FNDA:0,Validators.removeValidatorIncoming
DA:301,0
DA:304,0
FN:304,Validators.getValidatorDescription
FNDA:0,Validators.getValidatorDescription
DA:315,0
DA:317,0
DA:337,0
FN:337,Validators.getValidatorInfo
FNDA:0,Validators.getValidatorInfo
DA:348,0
DA:351,0
DA:354,0
BRDA:354,28,0,-
BRDA:354,28,1,-
DA:355,0
DA:356,0
BRDA:356,29,0,-
BRDA:356,29,1,-
DA:357,0
DA:359,0
DA:360,0
DA:363,0
DA:375,0
FN:375,Validators.getActiveValidators
FNDA:0,Validators.getActiveValidators
DA:378,0
DA:391,0
FN:391,Validators.getActiveValidatorsWithStakes
FNDA:0,Validators.getActiveValidatorsWithStakes
DA:392,0
DA:393,0
DA:394,0
DA:396,0
DA:397,0
DA:398,0
DA:401,0
DA:402,0
DA:405,0
DA:408,0
DA:419,0
FN:419,Validators.getActiveValidatorCount
FNDA:0,Validators.getActiveValidatorCount
DA:422,0
DA:425,0
FN:425,Validators.isActiveValidator
FNDA:0,Validators.isActiveValidator
DA:426,0
DA:427,0
DA:428,0
BRDA:428,30,0,-
DA:429,0
DA:433,0
DA:441,0
FN:441,Validators.isValidatorJailed
FNDA:0,Validators.isValidatorJailed
DA:442,0
DA:450,0
FN:450,Validators.isValidatorActive
FNDA:0,Validators.isValidatorActive
DA:451,0
DA:452,0
DA:460,0
FN:460,Validators.isValidatorExist
FNDA:0,Validators.isValidatorExist
DA:461,0
DA:462,0
DA:463,0
DA:466,0
FN:466,Validators.isTopValidator
FNDA:0,Validators.isTopValidator
DA:467,0
DA:468,0
DA:469,0
BRDA:469,31,0,-
DA:470,0
DA:474,0
DA:481,0
FN:481,Validators.getHighestValidators
FNDA:0,Validators.getHighestValidators
DA:482,0
DA:490,0
FN:490,Validators.getTopValidators
FNDA:0,Validators.getTopValidators
DA:492,0
DA:495,0
DA:498,0
FN:498,Validators.validateDescription
FNDA:0,Validators.validateDescription
DA:505,0
BRDA:505,32,0,-
BRDA:505,32,1,-
DA:506,0
BRDA:506,33,0,-
BRDA:506,33,1,-
DA:507,0
BRDA:507,34,0,-
BRDA:507,34,1,-
DA:508,0
BRDA:508,35,0,-
BRDA:508,35,1,-
DA:509,0
BRDA:509,36,0,-
BRDA:509,36,1,-
DA:511,0
DA:514,0
FN:514,Validators._tryAddValidatorToHighestSet
FNDA:0,Validators._tryAddValidatorToHighestSet
DA:516,0
DA:517,0
DA:518,0
BRDA:518,37,0,-
DA:519,0
DA:523,0
DA:524,0
DA:531,0
FN:531,Validators.tryAddValidatorToHighestSet
FNDA:0,Validators.tryAddValidatorToHighestSet
DA:532,0
DA:546,0
FN:546,Validators.removeFromHighestSet
FNDA:0,Validators.removeFromHighestSet
DA:548,0
DA:549,0
DA:550,0
DA:551,0
BRDA:551,38,0,-
DA:552,0
DA:553,0
DA:558,0
BRDA:558,39,0,-
DA:559,0
BRDA:559,40,0,-
BRDA:559,40,1,-
DA:560,0
DA:564,0
DA:565,0
BRDA:565,41,0,-
BRDA:565,41,1,-
DA:569,0
DA:573,0
FN:573,Validators.tryRemoveValidatorIncoming
FNDA:0,Validators.tryRemoveValidatorIncoming
DA:575,0
BRDA:575,42,0,-
DA:576,0
DA:579,0
DA:580,0
BRDA:580,43,0,-
DA:581,0
DA:583,0
DA:584,0
DA:586,0
DA:589,0
DA:594,0
FN:594,Validators.addProfitsToActiveValidators
FNDA:0,Validators.addProfitsToActiveValidators
DA:595,0
BRDA:595,44,0,-
DA:596,0
DA:599,0
DA:602,0
DA:603,0
DA:605,0
DA:606,0
DA:607,0
DA:608,0
DA:609,0
BRDA:609,45,0,-
DA:610,0
DA:618,0
BRDA:618,46,0,-
DA:619,0
DA:623,0
DA:624,0
DA:627,0
DA:628,0
DA:629,0
BRDA:629,47,0,-
DA:630,0
DA:631,0
BRDA:631,48,0,-
DA:632,0
DA:633,0
DA:635,0
DA:640,0
FN:640,Validators.tryRemoveValidatorInHighestSet
FNDA:0,Validators.tryRemoveValidatorInHighestSet
DA:642,0
DA:644,0
DA:645,0
DA:647,0
BRDA:647,49,0,-
DA:649,0
BRDA:649,50,0,-
DA:650,0
DA:653,0
DA:654,0
DA:656,0
FNF:31
FNH:0
LF:212
LH:0
BRF:78
BRH:0
end_of_record
TN:
SF:script/integration/test/ProposalFlow.s.sol
DA:24,0
FN:24,ProposalFlow.runAddValidatorFlow
FNDA:0,ProposalFlow.runAddValidatorFlow
DA:29,0
DA:32,0
FN:32,ProposalFlow.runRemoveValidatorFlow
FNDA:0,ProposalFlow.runRemoveValidatorFlow
DA:37,0
DA:40,0
FN:40,ProposalFlow.runConfigUpdateFlow
FNDA:0,ProposalFlow.runConfigUpdateFlow
DA:46,0
DA:47,0
DA:48,0
DA:51,0
DA:52,0
DA:54,0
BRDA:54,0,0,-
DA:56,0
DA:57,0
DA:58,0
DA:59,0
DA:61,0
DA:66,0
DA:67,0
DA:69,0
DA:70,0
DA:72,0
DA:75,0
FN:75,ProposalFlow.run
FNDA:0,ProposalFlow.run
DA:76,0
DA:79,0
DA:82,0
DA:85,0
DA:88,0
DA:89,0
DA:94,0
DA:95,0
DA:96,0
DA:97,0
DA:98,0
DA:99,0
DA:100,0
DA:101,0
DA:102,0
DA:103,0
DA:104,0
DA:107,0
DA:108,0
DA:109,0
DA:110,0
BRDA:110,1,0,-
BRDA:110,1,1,-
DA:111,0
DA:114,0
DA:117,0
FN:117,ProposalFlow._runProposalFlow
FNDA:0,ProposalFlow._runProposalFlow
DA:124,0
DA:125,0
DA:126,0
DA:131,0
DA:132,0
DA:135,0
DA:136,0
DA:138,0
BRDA:138,2,0,-
DA:140,0
DA:141,0
DA:142,0
DA:143,0
DA:145,0
DA:150,0
DA:151,0
DA:154,0
BRDA:154,3,0,-
DA:155,0
BRDA:155,4,0,-
BRDA:155,4,1,-
DA:156,0
BRDA:156,5,0,-
BRDA:156,5,1,-
DA:159,0
DA:160,0
DA:161,0
DA:163,0
BRDA:163,6,0,-
BRDA:163,6,1,-
DA:165,0
BRDA:165,7,0,-
BRDA:165,7,1,-
DA:166,0
BRDA:166,8,0,-
BRDA:166,8,1,-
DA:170,0
DA:171,0
DA:173,0
DA:177,0
FN:177,ProposalFlow.getActiveValidators
FNDA:0,ProposalFlow.getActiveValidators
DA:178,0
DA:182,0
FN:182,ProposalFlow.getTopValidators
FNDA:0,ProposalFlow.getTopValidators
DA:183,0
FNF:7
FNH:0
LF:77
LH:0
BRF:15
BRH:0
end_of_record
TN:
SF:script/integration/test/StakingDelegating.s.sol
DA:9,0
FN:9,StakingDelegating.run
FNDA:0,StakingDelegating.run
DA:10,0
DA:13,0
DA:16,0
DA:19,0
DA:20,0
DA:21,0
DA:22,0
DA:23,0
DA:26,0
DA:28,0
DA:29,0
DA:30,0
DA:31,0
DA:34,0
DA:35,0
DA:38,0
DA:39,0
DA:42,0
DA:43,0
DA:44,0
DA:45,0
DA:46,0
DA:49,0
DA:50,0
DA:53,0
DA:54,0
DA:57,0
DA:58,0
DA:59,0
DA:60,0
DA:61,0
DA:64,0
DA:65,0
DA:68,0
DA:69,0
DA:72,0
DA:75,0
DA:76,0
DA:77,0
DA:78,0
BRDA:78,0,0,-
BRDA:78,0,1,-
DA:81,0
DA:82,0
DA:83,0
DA:84,0
DA:85,0
BRDA:85,1,0,-
BRDA:85,1,1,-
DA:88,0
DA:89,0
DA:90,0
DA:91,0
DA:92,0
BRDA:92,2,0,-
BRDA:92,2,1,-
DA:94,0
FNF:1
FNH:0
LF:52
LH:0
BRF:6
BRH:0
end_of_record
TN:
SF:script/integration/utils/BaseTestUtils.s.sol
DA:47,0
FN:47,BaseTestUtils.loadState
FNDA:0,BaseTestUtils.loadState
DA:49,0
DA:52,0
DA:53,0
DA:54,0
DA:55,0
DA:58,0
DA:62,0
FN:62,BaseTestUtils.saveState
FNDA:0,BaseTestUtils.saveState
DA:63,0
DA:64,0
DA:65,0
DA:69,0
FN:69,BaseTestUtils.toHexString.0
FNDA:0,BaseTestUtils.toHexString.0
DA:70,0
DA:74,0
FN:74,BaseTestUtils.toHexString.1
FNDA:0,BaseTestUtils.toHexString.1
DA:75,0
DA:76,0
DA:77,0
DA:78,0
DA:79,0
DA:80,0
DA:81,0
DA:82,0
DA:84,0
DA:88,0
FN:88,BaseTestUtils.createTestAccounts
FNDA:0,BaseTestUtils.createTestAccounts
DA:89,0
DA:92,0
DA:94,0
DA:96,0
DA:97,0
DA:98,0
DA:101,0
DA:104,0
DA:106,0
DA:108,0
DA:109,0
DA:110,0
DA:114,0
FN:114,BaseTestUtils.loadTestAccounts
FNDA:0,BaseTestUtils.loadTestAccounts
DA:116,0
DA:118,0
DA:119,0
DA:120,0
DA:122,0
DA:123,0
DA:125,0
BRDA:125,0,0,-
DA:126,0
DA:129,0
BRDA:129,1,0,-
DA:130,0
DA:134,0
DA:135,0
DA:138,0
DA:139,0
DA:142,0
DA:143,0
DA:145,0
DA:149,0
FN:149,BaseTestUtils.fundInitAccounts
FNDA:0,BaseTestUtils.fundInitAccounts
DA:150,0
DA:151,0
BRDA:151,2,0,-
BRDA:151,2,1,-
DA:155,0
FN:155,BaseTestUtils.deployAndInitializeContracts
FNDA:0,BaseTestUtils.deployAndInitializeContracts
DA:156,0
DA:159,0
DA:160,0
DA:161,0
DA:162,0
DA:165,0
DA:167,0
DA:168,0
DA:171,0
DA:174,0
DA:177,0
DA:180,0
DA:188,0
DA:195,0
DA:202,0
DA:209,0
DA:219,0
DA:221,0
DA:223,0
DA:224,0
DA:225,0
DA:229,0
FN:229,BaseTestUtils.fundNewValidator
FNDA:0,BaseTestUtils.fundNewValidator
DA:230,0
DA:231,0
DA:232,0
DA:236,0
FN:236,BaseTestUtils.fundAddress
FNDA:0,BaseTestUtils.fundAddress
DA:237,0
BRDA:237,3,0,-
BRDA:237,3,1,-
DA:238,0
BRDA:238,4,0,-
BRDA:238,4,1,-
DA:240,0
DA:242,0
DA:243,0
BRDA:243,5,0,-
BRDA:243,5,1,-
DA:245,0
DA:247,0
DA:248,0
DA:252,0
FN:252,BaseTestUtils.printBalance
FNDA:0,BaseTestUtils.printBalance
DA:253,0
DA:254,0
DA:258,0
FN:258,BaseTestUtils.buildStateJson
FNDA:0,BaseTestUtils.buildStateJson
DA:260,0
DA:263,0
DA:264,0
DA:265,0
DA:266,0
DA:267,0
DA:268,0
DA:271,0
DA:273,0
DA:277,0
FN:277,BaseTestUtils.initializeState
FNDA:0,BaseTestUtils.initializeState
DA:279,0
BRDA:279,6,0,-
DA:280,0
DA:281,0
BRDA:281,6,1,-
DA:282,0
DA:286,0
BRDA:286,7,0,-
DA:287,0
DA:288,0
BRDA:288,7,1,-
DA:289,0
DA:293,0
BRDA:293,8,0,-
DA:295,0
BRDA:295,9,0,-
BRDA:295,9,1,-
DA:297,0
DA:300,0
DA:302,0
BRDA:302,8,1,-
DA:304,0
DA:308,0
BRDA:308,10,0,-
DA:309,0
DA:310,0
BRDA:310,10,1,-
DA:312,0
DA:315,0
BRDA:315,11,0,-
DA:316,0
DA:317,0
BRDA:317,11,1,-
DA:318,0
DA:321,0
BRDA:321,12,0,-
DA:322,0
DA:323,0
BRDA:323,12,1,-
DA:324,0
DA:327,0
BRDA:327,13,0,-
DA:328,0
DA:329,0
BRDA:329,13,1,-
DA:330,0
DA:333,0
BRDA:333,14,0,-
DA:334,0
DA:335,0
BRDA:335,14,1,-
DA:336,0
DA:340,0
BRDA:340,15,0,-
DA:341,0
DA:342,0
BRDA:342,15,1,-
DA:344,0
DA:347,0
DA:351,0
FN:351,BaseTestUtils.getValidatorKey
FNDA:0,BaseTestUtils.getValidatorKey
DA:352,0
BRDA:352,16,0,-
BRDA:352,16,1,-
DA:353,0
DA:357,0
FN:357,BaseTestUtils.getValidatorAddr
FNDA:0,BaseTestUtils.getValidatorAddr
DA:358,0
BRDA:358,17,0,-
BRDA:358,17,1,-
DA:359,0
DA:363,0
FN:363,BaseTestUtils.getDelegatorKey
FNDA:0,BaseTestUtils.getDelegatorKey
DA:364,0
BRDA:364,18,0,-
BRDA:364,18,1,-
DA:365,0
DA:369,0
FN:369,BaseTestUtils.getDelegatorAddr
FNDA:0,BaseTestUtils.getDelegatorAddr
DA:370,0
BRDA:370,19,0,-
BRDA:370,19,1,-
DA:371,0
DA:375,0
FN:375,BaseTestUtils.setMinerTemporarily
FNDA:0,BaseTestUtils.setMinerTemporarily
DA:376,0
DA:377,0
DA:378,0
DA:379,0
DA:383,0
FN:383,BaseTestUtils.run
FNDA:0,BaseTestUtils.run
FNF:19
FNH:0
LF:163
LH:0
BRF:38
BRH:0
end_of_record
TN:
SF:script/integration/utils/DelegatorUtils.s.sol
DA:10,0
FN:10,DelegatorUtils.delegate
FNDA:0,DelegatorUtils.delegate
DA:11,0
DA:12,0
DA:14,0
DA:15,0
DA:16,0
DA:19,0
DA:20,0
DA:21,0
DA:23,0
DA:26,0
DA:30,0
FN:30,DelegatorUtils.undelegate
FNDA:0,DelegatorUtils.undelegate
DA:31,0
DA:32,0
DA:34,0
DA:35,0
DA:36,0
DA:39,0
DA:40,0
DA:41,0
DA:43,0
DA:46,0
DA:50,0
FN:50,DelegatorUtils.withdrawUnbonded
FNDA:0,DelegatorUtils.withdrawUnbonded
DA:51,0
DA:52,0
DA:54,0
DA:55,0
DA:58,0
DA:59,0
DA:60,0
DA:62,0
DA:65,0
DA:69,0
FN:69,DelegatorUtils.claimRewards
FNDA:0,DelegatorUtils.claimRewards
DA:70,0
DA:71,0
DA:73,0
DA:74,0
DA:77,0
DA:78,0
DA:79,0
DA:81,0
DA:84,0
DA:88,0
FN:88,DelegatorUtils.statusCheck
FNDA:0,DelegatorUtils.statusCheck
DA:89,0
DA:90,0
DA:95,0
DA:96,0
DA:98,0
DA:102,0
FN:102,DelegatorUtils.getDelegatorStatus
FNDA:0,DelegatorUtils.getDelegatorStatus
DA:103,0
DA:104,0
DA:105,0
DA:107,0
DA:108,0
DA:109,0
DA:110,0
DA:111,0
FNF:6
FNH:0
LF:57
LH:0
BRF:0
BRH:0
end_of_record
TN:
SF:script/integration/utils/InitEnv.s.sol
DA:8,0
FN:8,InitEnv.run
FNDA:0,InitEnv.run
DA:9,0
DA:12,0
DA:15,0
DA:17,0
DA:19,0
DA:20,0
DA:21,0
DA:22,0
DA:24,0
FNF:1
FNH:0
LF:10
LH:0
BRF:0
BRH:0
end_of_record
TN:
SF:script/integration/utils/ProposalUtils.s.sol
DA:10,0
FN:10,ProposalUtils.createProposal
FNDA:0,ProposalUtils.createProposal
DA:11,0
DA:12,0
DA:14,0
DA:15,0
DA:16,0
DA:17,0
DA:20,0
DA:21,0
DA:22,0
DA:24,0
BRDA:24,0,0,-
BRDA:24,0,1,-
DA:25,0
DA:27,0
DA:31,0
FN:31,ProposalUtils.voteProposal
FNDA:0,ProposalUtils.voteProposal
DA:32,0
DA:33,0
DA:35,0
DA:36,0
DA:37,0
DA:40,0
DA:41,0
DA:42,0
DA:44,0
DA:48,0
FN:48,ProposalUtils.getProposalLastingPeriod
FNDA:0,ProposalUtils.getProposalLastingPeriod
DA:49,0
DA:53,0
FN:53,ProposalUtils.statusCheck
FNDA:0,ProposalUtils.statusCheck
DA:54,0
DA:55,0
DA:61,0
DA:62,0
DA:64,0
DA:68,0
FN:68,ProposalUtils.expireCheck
FNDA:0,ProposalUtils.expireCheck
DA:69,0
DA:70,0
DA:73,0
DA:77,0
DA:78,0
DA:80,0
DA:81,0
DA:82,0
DA:84,0
BRDA:84,1,0,-
BRDA:84,1,1,-
DA:85,0
DA:87,0
DA:88,0
DA:89,0
DA:92,0
DA:99,0
FN:99,ProposalUtils.configProposal
FNDA:0,ProposalUtils.configProposal
DA:100,0
DA:102,0
DA:103,0
DA:104,0
DA:107,0
DA:108,0
DA:109,0
DA:111,0
DA:114,0
DA:115,0
DA:116,0
DA:118,0
BRDA:118,2,0,-
BRDA:118,2,1,-
DA:119,0
DA:122,0
DA:125,0
DA:126,0
DA:127,0
DA:129,0
DA:132,0
DA:133,0
DA:134,0
DA:136,0
DA:139,0
DA:140,0
FNF:6
FNH:0
LF:71
LH:0
BRF:6
BRH:0
end_of_record
TN:
SF:script/integration/utils/PunishUtils.s.sol
DA:10,0
FN:10,PunishUtils.punishValidator
FNDA:0,PunishUtils.punishValidator
DA:11,0
DA:12,0
DA:14,0
DA:15,0
DA:16,0
DA:19,0
DA:22,0
DA:24,0
DA:28,0
FN:28,PunishUtils.jailValidator
FNDA:0,PunishUtils.jailValidator
DA:29,0
DA:30,0
DA:32,0
DA:33,0
DA:36,0
DA:39,0
DA:41,0
DA:45,0
FN:45,PunishUtils.decreaseMissedBlocksCounter
FNDA:0,PunishUtils.decreaseMissedBlocksCounter
DA:46,0
DA:47,0
DA:49,0
DA:50,0
DA:53,0
DA:54,0
DA:55,0
DA:57,0
FNF:3
FNH:0
LF:26
LH:0
BRF:0
BRH:0
end_of_record
TN:
SF:script/integration/utils/StakingUtils.s.sol
DA:10,0
FN:10,StakingUtils.withdrawUnbonded
FNDA:0,StakingUtils.withdrawUnbonded
DA:11,0
DA:12,0
DA:14,0
DA:15,0
DA:16,0
DA:18,0
DA:35,0
FN:35,StakingUtils.addStake
FNDA:0,StakingUtils.addStake
DA:36,0
DA:37,0
DA:38,0
DA:41,0
DA:42,0
DA:43,0
DA:45,0
DA:48,0
DA:49,0
DA:53,0
FN:53,StakingUtils.decreaseStake
FNDA:0,StakingUtils.decreaseStake
DA:54,0
DA:55,0
DA:56,0
DA:59,0
DA:60,0
DA:61,0
DA:63,0
DA:66,0
DA:67,0
DA:71,0
FN:71,StakingUtils.setCommissionRate
FNDA:0,StakingUtils.setCommissionRate
DA:72,0
DA:73,0
DA:74,0
DA:77,0
DA:78,0
DA:79,0
DA:81,0
DA:84,0
DA:85,0
DA:89,0
FN:89,StakingUtils.claimValidatorRewards
FNDA:0,StakingUtils.claimValidatorRewards
DA:90,0
DA:91,0
DA:94,0
DA:95,0
DA:96,0
DA:98,0
DA:102,0
FN:102,StakingUtils.distributeRewards
FNDA:0,StakingUtils.distributeRewards
DA:103,0
DA:104,0
DA:106,0
DA:107,0
DA:110,0
DA:111,0
DA:112,0
DA:114,0
FNF:6
FNH:0
LF:53
LH:0
BRF:0
BRH:0
end_of_record
TN:
SF:script/integration/utils/ValidatorUtils.s.sol
DA:10,0
FN:10,ValidatorUtils.registerValidator.0
FNDA:0,ValidatorUtils.registerValidator.0
DA:11,0
DA:12,0
DA:15,0
DA:16,0
DA:17,0
DA:20,0
DA:21,0
BRDA:21,0,0,-
BRDA:21,0,1,-
DA:23,0
DA:27,0
FN:27,ValidatorUtils.exitValidator
FNDA:0,ValidatorUtils.exitValidator
DA:28,0
DA:29,0
DA:32,0
DA:33,0
DA:34,0
DA:36,0
DA:39,0
DA:40,0
DA:41,0
DA:42,0
DA:46,0
FN:46,ValidatorUtils.unjailValidator
FNDA:0,ValidatorUtils.unjailValidator
DA:47,0
DA:48,0
DA:51,0
DA:52,0
DA:53,0
DA:55,0
DA:58,0
DA:59,0
DA:63,0
FN:63,ValidatorUtils.withdrawUnbonded
FNDA:0,ValidatorUtils.withdrawUnbonded
DA:64,0
DA:65,0
DA:68,0
DA:69,0
DA:70,0
DA:72,0
DA:75,0
DA:79,0
FN:79,ValidatorUtils.statusCheck
FNDA:0,ValidatorUtils.statusCheck
DA:80,0
DA:81,0
DA:85,0
DA:86,0
DA:88,0
DA:92,0
FN:92,ValidatorUtils.resignValidator
FNDA:0,ValidatorUtils.resignValidator
DA:93,0
DA:94,0
DA:97,0
DA:98,0
DA:99,0
DA:101,0
DA:104,0
DA:108,0
FN:108,ValidatorUtils.distributeBlockReward
FNDA:0,ValidatorUtils.distributeBlockReward
DA:109,0
DA:110,0
DA:112,0
DA:113,0
DA:116,0
DA:117,0
DA:118,0
DA:120,0
DA:124,0
FN:124,ValidatorUtils.registerValidator.1
FNDA:0,ValidatorUtils.registerValidator.1
DA:125,0
DA:126,0
DA:127,0
DA:130,0
DA:132,0
DA:133,0
DA:136,0
DA:137,0
DA:138,0
DA:139,0
BRDA:139,1,0,-
BRDA:139,1,1,-
DA:143,0
DA:146,0
DA:147,0
DA:148,0
DA:149,0
DA:153,0
DA:154,0
DA:155,0
DA:156,0
BRDA:156,2,0,-
BRDA:156,2,1,-
DA:158,0
DA:161,0
DA:162,0
DA:163,0
DA:164,0
DA:165,0
DA:168,0
DA:169,0
DA:170,0
BRDA:170,3,0,-
BRDA:170,3,1,-
DA:172,0
DA:173,0
FNF:8
FNH:0
LF:91
LH:0
BRF:8
BRH:0
end_of_record
TN:
SF:script/test/BaseSetup.t.sol
DA:18,106
FN:18,BaseSetup.deploySystem
FNDA:106,BaseSetup.deploySystem
DA:20,106
DA:21,106
DA:22,106
DA:23,106
DA:27,106
DA:32,106
DA:35,106
DA:38,106
DA:43,106
DA:44,402
DA:45,402
FNF:1
FNH:1
LF:12
LH:12
BRF:0
BRH:0
end_of_record
TN:
SF:script/test/ParamsTest.t.sol
DA:9,2
FN:9,TestableParams.callOnlyMiner
FNDA:2,TestableParams.callOnlyMiner
DA:10,1
DA:13,2
FN:13,TestableParams.callOnlyNotInitialized
FNDA:2,TestableParams.callOnlyNotInitialized
DA:14,1
DA:17,2
FN:17,TestableParams.callOnlyInitialized
FNDA:2,TestableParams.callOnlyInitialized
DA:18,1
DA:21,2
FN:21,TestableParams.callOnlyPunishContract
FNDA:2,TestableParams.callOnlyPunishContract
DA:22,1
DA:25,2
FN:25,TestableParams.callOnlyValidatorsContract
FNDA:2,TestableParams.callOnlyValidatorsContract
DA:26,1
DA:29,2
FN:29,TestableParams.callOnlyProposalContract
FNDA:2,TestableParams.callOnlyProposalContract
DA:30,1
DA:33,2
FN:33,TestableParams.callOnlyStakingContract
FNDA:2,TestableParams.callOnlyStakingContract
DA:34,1
DA:37,2
FN:37,TestableParams.callOnlyBlockEpoch
FNDA:2,TestableParams.callOnlyBlockEpoch
DA:38,1
DA:41,2
FN:41,TestableParams.initializeForTest
FNDA:2,TestableParams.initializeForTest
DA:42,2
FNF:9
FNH:9
LF:18
LH:18
BRF:0
BRH:0
end_of_record
TN:
SF:script/tools/AddNewNode.s.sol
DA:9,0
FN:9,AddNewNodeScript.run
FNDA:0,AddNewNodeScript.run
DA:11,0
DA:12,0
DA:13,0
DA:14,0
DA:15,0
DA:18,0
DA:19,0
DA:22,0
FN:22,AddNewNodeScript.addNewNode
FNDA:0,AddNewNodeScript.addNewNode
DA:24,0
DA:26,0
FNF:2
FNH:0
LF:11
LH:0
BRF:0
BRH:0
end_of_record
TN:
SF:script/tools/BatchValidatorStake.s.sol
DA:14,0
FN:14,BatchValidatorStakeScript.setUp
FNDA:0,BatchValidatorStakeScript.setUp
DA:19,0
FN:19,BatchValidatorStakeScript.run
FNDA:0,BatchValidatorStakeScript.run
DA:20,0
DA:21,0
BRDA:21,0,0,-
BRDA:21,0,1,-
DA:24,0
DA:26,0
DA:27,0
DA:29,0
DA:30,0
DA:31,0
DA:32,0
DA:34,0
DA:35,0
DA:45,0
DA:51,0
FN:51,BatchValidatorStakeScript.registerSingleValidator
FNDA:0,BatchValidatorStakeScript.registerSingleValidator
DA:58,0
DA:60,0
DA:63,0
BRDA:63,1,0,-
DA:64,0
DA:65,0
DA:66,0
DA:67,0
DA:70,0
DA:72,0
DA:74,0
DA:76,0
DA:82,0
FN:82,BatchValidatorStakeScript.getValidatorPrivateKeys
FNDA:0,BatchValidatorStakeScript.getValidatorPrivateKeys
DA:83,0
DA:87,0
BRDA:87,2,0,-
DA:89,0
DA:90,0
DA:91,0
DA:92,0
DA:93,0
DA:97,0
DA:98,0
BRDA:98,3,0,-
BRDA:98,3,1,-
DA:101,0
DA:107,0
FN:107,BatchValidatorStakeScript.checkFinalStatus
FNDA:0,BatchValidatorStakeScript.checkFinalStatus
DA:108,0
DA:110,0
DA:112,0
DA:114,0
DA:115,0
DA:116,0
DA:117,0
BRDA:117,4,0,-
BRDA:117,4,1,-
DA:118,0
DA:120,0
FNF:5
FNH:0
LF:47
LH:0
BRF:8
BRH:0
end_of_record
TN:
SF:script/tools/CreateProposal.s.sol
DA:12,0
FN:12,CreateProposalScript.run
FNDA:0,CreateProposalScript.run
DA:14,0
DA:15,0
DA:16,0
DA:17,0
DA:18,0
DA:21,0
DA:22,0
DA:23,0
DA:25,0
DA:28,0
FN:28,CreateProposalScript.createProposal
FNDA:0,CreateProposalScript.createProposal
DA:30,0
BRDA:30,0,0,-
BRDA:30,0,1,-
DA:31,0
BRDA:31,1,0,-
BRDA:31,1,1,-
DA:34,0
DA:36,0
DA:38,0
DA:39,0
DA:43,0
FN:43,CreateProposalScript.addValidator
FNDA:0,CreateProposalScript.addValidator
DA:44,0
DA:48,0
FN:48,CreateProposalScript.removeValidator
FNDA:0,CreateProposalScript.removeValidator
DA:49,0
FNF:4
FNH:0
LF:21
LH:0
BRF:4
BRH:0
end_of_record
TN:
SF:script/tools/DeployToChain.s.sol
DA:22,0
FN:22,DeployToChainScript.setUp
FNDA:0,DeployToChainScript.setUp
DA:27,0
FN:27,DeployToChainScript.run
FNDA:0,DeployToChainScript.run
DA:29,0
DA:32,0
BRDA:32,0,0,-
DA:33,0
DA:34,0
DA:38,0
DA:40,0
DA:42,0
DA:43,0
DA:44,0
DA:45,0
DA:48,0
DA:51,0
DA:54,0
DA:56,0
DA:59,0
DA:62,0
DA:64,0
DA:65,0
DA:68,0
DA:74,0
FN:74,DeployToChainScript.deployAllContracts
FNDA:0,DeployToChainScript.deployAllContracts
DA:80,0
DA:81,0
DA:82,0
DA:83,0
DA:86,0
DA:87,0
DA:88,0
DA:89,0
DA:92,0
DA:93,0
DA:94,0
DA:95,0
DA:98,0
DA:99,0
DA:100,0
DA:101,0
DA:104,0
DA:105,0
DA:106,0
DA:107,0
DA:109,0
DA:115,0
FN:115,DeployToChainScript.deployWithCreate2
FNDA:0,DeployToChainScript.deployWithCreate2
DA:116,0
DA:117,0
DA:119,0
DA:121,0
DA:124,0
DA:125,0
BRDA:125,1,0,-
BRDA:125,1,1,-
DA:128,0
DA:130,0
DA:132,0
DA:133,0
BRDA:133,2,0,-
BRDA:133,2,1,-
DA:135,0
DA:154,0
FN:154,DeployToChainScript.createInitialValidators
FNDA:0,DeployToChainScript.createInitialValidators
DA:155,0
DA:158,0
DA:159,0
DA:161,0
BRDA:161,3,0,-
BRDA:161,3,1,-
DA:163,0
DA:164,0
DA:165,0
DA:166,0
DA:167,0
DA:168,0
DA:169,0
BRDA:169,4,0,-
BRDA:169,4,1,-
DA:171,0
DA:172,0
DA:173,0
DA:174,0
DA:175,0
DA:176,0
DA:179,0
DA:180,0
DA:181,0
DA:182,0
DA:183,0
DA:184,0
DA:185,0
DA:186,0
DA:189,0
DA:195,0
FN:195,DeployToChainScript.initializeContracts
FNDA:0,DeployToChainScript.initializeContracts
DA:202,0
DA:204,0
DA:205,0
DA:206,0
DA:207,0
DA:208,0
DA:213,0
DA:214,0
DA:215,0
DA:218,0
DA:219,0
DA:220,0
DA:221,0
DA:222,0
DA:225,0
DA:226,0
DA:227,0
DA:230,0
DA:231,0
DA:232,0
DA:234,0
DA:235,0
DA:237,0
DA:244,0
FN:244,DeployToChainScript.registerValidatorsToStaking
FNDA:0,DeployToChainScript.registerValidatorsToStaking
DA:245,0
DA:246,0
DA:248,0
DA:249,0
DA:250,0
DA:251,0
DA:253,0
DA:254,0
DA:255,0
DA:258,0
DA:261,0
DA:262,0
DA:264,0
DA:267,0
DA:273,0
FN:273,DeployToChainScript.checkAndLogSystemStatus
FNDA:0,DeployToChainScript.checkAndLogSystemStatus
DA:279,0
DA:282,0
DA:283,0
DA:284,0
DA:285,0
DA:289,0
DA:290,0
DA:295,0
DA:296,0
DA:299,0
DA:300,0
DA:303,0
DA:304,0
DA:310,0
FN:310,DeployToChainScript.logDeploymentSummary
FNDA:0,DeployToChainScript.logDeploymentSummary
DA:316,0
DA:317,0
DA:318,0
DA:319,0
DA:320,0
DA:326,0
FN:326,DeployToChainScript.getComputedAddress
FNDA:0,DeployToChainScript.getComputedAddress
DA:327,0
DA:335,0
FNF:10
FNH:0
LF:144
LH:0
BRF:9
BRH:0
end_of_record
TN:
SF:script/tools/Deployment.s.sol
DA:19,0
FN:19,DeploymentScript.run
FNDA:0,DeploymentScript.run
DA:20,0
DA:23,0
BRDA:23,0,0,-
DA:24,0
DA:27,0
DA:30,0
DA:31,0
DA:33,0
DA:34,0
DA:36,0
DA:37,0
DA:39,0
DA:40,0
DA:43,0
DA:44,0
DA:45,0
DA:46,0
DA:49,0
DA:50,0
DA:53,0
DA:54,0
DA:57,0
DA:63,0
DA:67,0
DA:69,0
DA:70,0
DA:71,0
DA:72,0
DA:73,0
DA:74,0
FNF:1
FNH:0
LF:30
LH:0
BRF:1
BRH:0
end_of_record
TN:
SF:script/tools/ProposalWorkflow.s.sol
DA:16,0
FN:16,ProposalWorkflow.run
FNDA:0,ProposalWorkflow.run
DA:18,0
DA:21,0
DA:22,0
DA:25,0
DA:26,0
DA:27,0
DA:30,0
DA:31,0
DA:34,0
DA:35,0
DA:38,0
DA:39,0
DA:42,0
FN:42,ProposalWorkflow.runConfigWorkflow
FNDA:0,ProposalWorkflow.runConfigWorkflow
DA:44,0
DA:45,0
DA:48,0
DA:49,0
DA:52,0
DA:55,0
DA:58,0
FNF:2
FNH:0
LF:21
LH:0
BRF:0
BRH:0
end_of_record
TN:
SF:script/tools/RemoveNode.s.sol
DA:8,0
FN:8,RemoveNodeScript.run
FNDA:0,RemoveNodeScript.run
DA:10,0
DA:11,0
DA:14,0
FN:14,RemoveNodeScript.removeNode
FNDA:0,RemoveNodeScript.removeNode
DA:15,0
DA:16,0
FNF:2
FNH:0
LF:6
LH:0
BRF:0
BRH:0
end_of_record
TN:
SF:script/tools/StakingOperations.s.sol
DA:15,0
FN:15,StakingOperationsScript.run
FNDA:0,StakingOperationsScript.run
DA:17,0
DA:18,0
DA:19,0
DA:20,0
DA:21,0
DA:23,0
DA:26,0
DA:29,0
DA:32,0
DA:35,0
DA:37,0
DA:40,0
FN:40,StakingOperationsScript.showValidatorStatus
FNDA:0,StakingOperationsScript.showValidatorStatus
DA:41,0
DA:43,0
DA:44,0
DA:47,0
DA:48,0
DA:51,0
BRDA:51,0,0,-
BRDA:51,0,1,-
DA:52,0
DA:53,0
DA:56,0
BRDA:56,1,0,-
DA:66,0
DA:67,0
BRDA:67,1,1,-
DA:68,0
DA:72,0
DA:76,0
FN:76,StakingOperationsScript.demonstrateValidatorRegistration
FNDA:0,StakingOperationsScript.demonstrateValidatorRegistration
DA:77,0
DA:79,0
DA:82,0
BRDA:82,2,0,-
DA:83,0
DA:84,0
BRDA:84,2,1,-
DA:85,0
DA:89,0
DA:92,0
FN:92,StakingOperationsScript.demonstrateDelegation
FNDA:0,StakingOperationsScript.demonstrateDelegation
DA:93,0
DA:95,0
DA:96,0
DA:99,0
BRDA:99,3,0,-
DA:100,0
BRDA:100,4,0,-
BRDA:100,4,1,-
DA:101,0
DA:102,0
DA:105,0
BRDA:105,5,0,-
DA:111,0
DA:112,0
DA:113,0
DA:114,0
DA:115,0
BRDA:115,5,1,-
DA:116,0
DA:119,0
DA:121,0
BRDA:121,3,1,-
DA:122,0
DA:126,0
FN:126,StakingOperationsScript.demonstrateTopValidators
FNDA:0,StakingOperationsScript.demonstrateTopValidators
DA:127,0
DA:129,0
DA:130,0
DA:133,0
BRDA:133,6,0,-
DA:134,0
DA:136,0
DA:137,0
BRDA:137,7,0,-
DA:147,0
DA:148,0
DA:149,0
DA:150,0
DA:151,0
DA:152,0
BRDA:152,7,1,-
DA:153,0
DA:156,0
BRDA:156,6,1,-
DA:157,0
FNF:5
FNH:0
LF:69
LH:0
BRF:16
BRH:0
end_of_record
TN:
SF:script/tools/UpdateConfig.s.sol
DA:8,0
FN:8,UpdateConfigScript.run
FNDA:0,UpdateConfigScript.run
DA:10,0
DA:11,0
DA:12,0
DA:15,0
FN:15,UpdateConfigScript.updateConfig
FNDA:0,UpdateConfigScript.updateConfig
DA:16,0
FNF:2
FNH:0
LF:6
LH:0
BRF:0
BRH:0
end_of_record
TN:
SF:script/tools/ValidatorStake.s.sol
DA:13,0
FN:13,ValidatorStakeScript.setUp
FNDA:0,ValidatorStakeScript.setUp
DA:19,0
FN:19,ValidatorStakeScript.run
FNDA:0,ValidatorStakeScript.run
DA:21,0
DA:22,0
BRDA:22,0,0,-
BRDA:22,0,1,-
DA:25,0
DA:26,0
BRDA:26,1,0,-
BRDA:26,1,1,-
DA:28,0
DA:29,0
DA:30,0
DA:32,0
DA:33,0
DA:34,0
DA:35,0
DA:36,0
DA:39,0
BRDA:39,2,0,-
BRDA:39,2,1,-
DA:41,0
DA:44,0
DA:46,0
DA:48,0
DA:49,0
DA:52,0
DA:58,0
FN:58,ValidatorStakeScript.checkRegistrationStatus
FNDA:0,ValidatorStakeScript.checkRegistrationStatus
DA:59,0
DA:62,0
DA:63,0
DA:66,0
DA:67,0
DA:69,0
FNF:3
FNH:0
LF:28
LH:0
BRF:6
BRH:0
end_of_record
TN:
SF:script/tools/VoteProposal.s.sol
DA:9,0
FN:9,VoteProposalScript.run
FNDA:0,VoteProposalScript.run
DA:11,0
DA:12,0
DA:13,0
DA:14,0
DA:15,0
DA:19,0
DA:22,0
DA:23,0
BRDA:23,0,0,-
DA:25,0
DA:28,0
DA:31,0
FN:31,VoteProposalScript.voteOnProposal
FNDA:0,VoteProposalScript.voteOnProposal
DA:33,0
BRDA:33,1,0,-
BRDA:33,1,1,-
DA:35,0
DA:39,0
FN:39,VoteProposalScript.voteYes
FNDA:0,VoteProposalScript.voteYes
DA:40,0
DA:44,0
FN:44,VoteProposalScript.voteNo
FNDA:0,VoteProposalScript.voteNo
DA:45,0
FNF:4
FNH:0
LF:18
LH:0
BRF:3
BRH:0
end_of_record
